0 verbose cli C:\Program Files\nodejs\node.exe C:\Program Files\nodejs\node_modules\npm\bin\npm-cli.js
1 info using npm@8.11.0
2 info using node@v18.3.0
3 timing npm:load:whichnode Completed in 0ms
4 timing config:load:defaults Completed in 2ms
5 timing config:load:file:C:\Program Files\nodejs\node_modules\npm\npmrc Completed in 3ms
6 timing config:load:builtin Completed in 4ms
7 timing config:load:cli Completed in 1ms
8 timing config:load:env Completed in 1ms
9 timing config:load:file:C:\Users\SUBHAM RATH\Desktop\JS\Portfolio\client\.npmrc Completed in 1ms
10 timing config:load:project Completed in 5ms
11 timing config:load:file:C:\Users\SUBHAM RATH\.npmrc Completed in 1ms
12 timing config:load:user Completed in 1ms
13 timing config:load:file:C:\Users\SUBHAM RATH\AppData\Roaming\npm\etc\npmrc Completed in 0ms
14 timing config:load:global Completed in 0ms
15 timing config:load:validate Completed in 1ms
16 timing config:load:credentials Completed in 1ms
17 timing config:load:setEnvs Completed in 1ms
18 timing config:load Completed in 17ms
19 timing npm:load:configload Completed in 17ms
20 timing npm:load:mkdirpcache Completed in 0ms
21 timing npm:load:mkdirplogs Completed in 0ms
22 verbose title npm i axios
23 verbose argv "i" "axios"
24 timing npm:load:setTitle Completed in 1ms
25 timing config:load:flatten Completed in 3ms
26 timing npm:load:display Completed in 4ms
27 verbose logfile logs-max:10 dir:C:\Users\SUBHAM RATH\Desktop\JS\Portfolio\client\UsersSUBHAMRATHAppDataRoamingnpm-cache\_logs
28 verbose logfile C:\Users\SUBHAM RATH\Desktop\JS\Portfolio\client\UsersSUBHAMRATHAppDataRoamingnpm-cache\_logs\2022-07-24T10_22_52_510Z-debug-0.log
29 timing npm:load:logFile Completed in 16ms
30 timing npm:load:timers Completed in 0ms
31 timing npm:load:configScope Completed in 0ms
32 timing npm:load Completed in 39ms
33 timing arborist:ctor Completed in 0ms
34 silly logfile start cleaning logs, removing 2 files
35 silly logfile done cleaning log files
36 timing idealTree:init Completed in 755ms
37 timing idealTree:userRequests Completed in 3ms
38 silly idealTree buildDeps
39 silly fetch manifest axios@*
40 timing arborist:ctor Completed in 0ms
41 http fetch GET 200 https://registry.npmjs.org/axios 2154ms (cache miss)
42 silly placeDep ROOT axios@0.27.2 OK for: client@0.1.0 want: *
43 silly fetch manifest form-data@^4.0.0
44 http fetch GET 200 https://registry.npmjs.org/form-data 127ms (cache miss)
45 timing idealTree:#root Completed in 2294ms
46 silly placeDep node_modules/axios form-data@4.0.0 OK for: axios@0.27.2 want: ^4.0.0
47 timing idealTree:node_modules/axios Completed in 3ms
48 silly fetch manifest react@^15.0.0 || ^16.0.0
49 http fetch GET 200 https://registry.npmjs.org/react 396ms (cache updated)
50 silly fetch manifest react-dom@^15.0.0 || ^16.0.0
51 http fetch GET 200 https://registry.npmjs.org/react-dom 637ms (cache updated)
52 timing idealTree Completed in 4145ms
53 timing command:i Completed in 4159ms
54 verbose stack Error: could not resolve
54 verbose stack     at PlaceDep.failPeerConflict (C:\Program Files\nodejs\node_modules\npm\node_modules\@npmcli\arborist\lib\place-dep.js:549:25)
54 verbose stack     at PlaceDep.place (C:\Program Files\nodejs\node_modules\npm\node_modules\@npmcli\arborist\lib\place-dep.js:199:21)
54 verbose stack     at new PlaceDep (C:\Program Files\nodejs\node_modules\npm\node_modules\@npmcli\arborist\lib\place-dep.js:73:10)
54 verbose stack     at C:\Program Files\nodejs\node_modules\npm\node_modules\@npmcli\arborist\lib\arborist\build-ideal-tree.js:990:31
54 verbose stack     at Array.map (<anonymous>)
54 verbose stack     at [buildDepStep] (C:\Program Files\nodejs\node_modules\npm\node_modules\@npmcli\arborist\lib\arborist\build-ideal-tree.js:990:8)
54 verbose stack     at async Arborist.buildIdealTree (C:\Program Files\nodejs\node_modules\npm\node_modules\@npmcli\arborist\lib\arborist\build-ideal-tree.js:218:7)
54 verbose stack     at async Promise.all (index 1)
54 verbose stack     at async Arborist.reify (C:\Program Files\nodejs\node_modules\npm\node_modules\@npmcli\arborist\lib\arborist\reify.js:153:5)
54 verbose stack     at async Install.exec (C:\Program Files\nodejs\node_modules\npm\lib\commands\install.js:156:5)
55 verbose cwd C:\Users\SUBHAM RATH\Desktop\JS\Portfolio\client
56 verbose Windows_NT 10.0.22000
57 verbose node v18.3.0
58 verbose npm  v8.11.0
59 error code ERESOLVE
60 error ERESOLVE could not resolve
61 error
62 error While resolving: [1mreact-typical[22m@[1m0.1.3[22m
62 error Found: [1mreact[22m@[1m18.2.0[22m[2m[22m
62 error [2mnode_modules/react[22m
62 error   [35mpeer[39m [1mreact[22m@"[1m>=16.3[22m" from [1m@fortawesome/react-fontawesome[22m@[1m0.2.0[22m[2m[22m
62 error   [2mnode_modules/@fortawesome/react-fontawesome[22m
62 error     [1m@fortawesome/react-fontawesome[22m@"[1m^0.2.0[22m" from the root project
62 error   [35mpeer[39m [1mreact[22m@"[1m^18.0.0[22m" from [1m@testing-library/react[22m@[1m13.3.0[22m[2m[22m
62 error   [2mnode_modules/@testing-library/react[22m
62 error     [1m@testing-library/react[22m@"[1m^13.3.0[22m" from the root project
62 error   3 more (react-dom, react-scripts, the root project)
62 error
62 error Could not resolve dependency:
62 error [35mpeer[39m [1mreact[22m@"[1m^15.0.0 || ^16.0.0[22m" from [1mreact-typical[22m@[1m0.1.3[22m[2m[22m
62 error [2mnode_modules/react-typical[22m
62 error   [1mreact-typical[22m@"[1m^0.1.3[22m" from the root project
62 error
62 error Conflicting peer dependency: [1mreact[22m@[1m16.14.0[22m[2m[22m
62 error [2mnode_modules/react[22m
62 error   [35mpeer[39m [1mreact[22m@"[1m^15.0.0 || ^16.0.0[22m" from [1mreact-typical[22m@[1m0.1.3[22m[2m[22m
62 error   [2mnode_modules/react-typical[22m
62 error     [1mreact-typical[22m@"[1m^0.1.3[22m" from the root project
62 error
62 error Fix the upstream dependency conflict, or retry
62 error this command with --force, or --legacy-peer-deps
62 error to accept an incorrect (and potentially broken) dependency resolution.
62 error
62 error See C:\Users\SUBHAM RATH\Desktop\JS\Portfolio\client\UsersSUBHAMRATHAppDataRoamingnpm-cache\eresolve-report.txt for a full report.
63 verbose exit 1
64 timing npm Completed in 4344ms
65 verbose unfinished npm timer reify 1658658172679
66 verbose unfinished npm timer reify:loadTrees 1658658172689
67 verbose unfinished npm timer idealTree:buildDeps 1658658173449
68 verbose unfinished npm timer idealTree:node_modules/react-typical 1658658175750
69 verbose code 1
70 error A complete log of this run can be found in:
70 error     C:\Users\SUBHAM RATH\Desktop\JS\Portfolio\client\UsersSUBHAMRATHAppDataRoamingnpm-cache\_logs\2022-07-24T10_22_52_510Z-debug-0.log
