0 verbose cli C:\Program Files\nodejs\node.exe C:\Program Files\nodejs\node_modules\npm\bin\npm-cli.js
1 info using npm@8.11.0
2 info using node@v18.3.0
3 timing npm:load:whichnode Completed in 0ms
4 timing config:load:defaults Completed in 1ms
5 timing config:load:file:C:\Program Files\nodejs\node_modules\npm\npmrc Completed in 4ms
6 timing config:load:builtin Completed in 4ms
7 timing config:load:cli Completed in 2ms
8 timing config:load:env Completed in 0ms
9 timing config:load:file:C:\Users\SUBHAM RATH\Desktop\JS\Portfolio\.npmrc Completed in 0ms
10 timing config:load:project Completed in 4ms
11 timing config:load:file:C:\Users\SUBHAM RATH\.npmrc Completed in 1ms
12 timing config:load:user Completed in 1ms
13 timing config:load:file:C:\Users\SUBHAM RATH\AppData\Roaming\npm\etc\npmrc Completed in 1ms
14 timing config:load:global Completed in 1ms
15 timing config:load:validate Completed in 0ms
16 timing config:load:credentials Completed in 1ms
17 timing config:load:setEnvs Completed in 1ms
18 timing config:load Completed in 15ms
19 timing npm:load:configload Completed in 15ms
20 timing npm:load:mkdirpcache Completed in 1ms
21 timing npm:load:mkdirplogs Completed in 0ms
22 verbose title npm install
23 verbose argv "install"
24 timing npm:load:setTitle Completed in 1ms
25 timing config:load:flatten Completed in 3ms
26 timing npm:load:display Completed in 4ms
27 verbose logfile logs-max:10 dir:C:\Users\SUBHAM RATH\Desktop\JS\Portfolio\UsersSUBHAMRATHAppDataRoamingnpm-cache\_logs
28 verbose logfile C:\Users\SUBHAM RATH\Desktop\JS\Portfolio\UsersSUBHAMRATHAppDataRoamingnpm-cache\_logs\2022-07-24T13_17_26_221Z-debug-0.log
29 timing npm:load:logFile Completed in 22ms
30 timing npm:load:timers Completed in 0ms
31 timing npm:load:configScope Completed in 0ms
32 timing npm:load Completed in 44ms
33 timing arborist:ctor Completed in 1ms
34 silly logfile start cleaning logs, removing 3 files
35 silly logfile done cleaning log files
36 timing idealTree:init Completed in 81ms
37 timing idealTree:userRequests Completed in 0ms
38 silly idealTree buildDeps
39 timing idealTree:#root Completed in 0ms
40 timing idealTree:buildDeps Completed in 1ms
41 timing idealTree:fixDepFlags Completed in 0ms
42 timing idealTree Completed in 87ms
43 timing arborist:ctor Completed in 0ms
44 timing reify:loadTrees Completed in 122ms
45 timing reify:diffTrees Completed in 6ms
46 silly reify moves {}
47 timing reify:retireShallow Completed in 1ms
48 timing reify:createSparse Completed in 2ms
49 timing reify:loadBundles Completed in 0ms
50 silly audit bulk request {
50 silly audit   abbrev: [ '1.1.1' ],
50 silly audit   accepts: [ '1.3.8' ],
50 silly audit   'ansi-regex': [ '5.0.1' ],
50 silly audit   'ansi-styles': [ '4.3.0' ],
50 silly audit   anymatch: [ '3.1.2' ],
50 silly audit   'array-flatten': [ '1.1.1' ],
50 silly audit   'balanced-match': [ '1.0.2' ],
50 silly audit   'binary-extensions': [ '2.2.0' ],
50 silly audit   'body-parser': [ '1.20.0' ],
50 silly audit   'brace-expansion': [ '1.1.11' ],
50 silly audit   braces: [ '3.0.2' ],
50 silly audit   bytes: [ '3.1.2' ],
50 silly audit   'call-bind': [ '1.0.2' ],
50 silly audit   chalk: [ '4.1.2' ],
50 silly audit   'supports-color': [ '7.2.0', '5.5.0', '8.1.1' ],
50 silly audit   chokidar: [ '3.5.3' ],
50 silly audit   cliui: [ '7.0.4' ],
50 silly audit   'color-convert': [ '2.0.1' ],
50 silly audit   'color-name': [ '1.1.4' ],
50 silly audit   'concat-map': [ '0.0.1' ],
50 silly audit   concurrently: [ '7.3.0' ],
50 silly audit   'content-disposition': [ '0.5.4' ],
50 silly audit   'content-type': [ '1.0.4' ],
50 silly audit   cookie: [ '0.5.0' ],
50 silly audit   'cookie-signature': [ '1.0.6' ],
50 silly audit   cors: [ '2.8.5' ],
50 silly audit   'date-fns': [ '2.29.1' ],
50 silly audit   debug: [ '2.6.9', '3.2.7' ],
50 silly audit   depd: [ '2.0.0' ],
50 silly audit   destroy: [ '1.2.0' ],
50 silly audit   dotenv: [ '16.0.1' ],
50 silly audit   'ee-first': [ '1.1.1' ],
50 silly audit   'emoji-regex': [ '8.0.0' ],
50 silly audit   encodeurl: [ '1.0.2' ],
50 silly audit   escalade: [ '3.1.1' ],
50 silly audit   'escape-html': [ '1.0.3' ],
50 silly audit   etag: [ '1.8.1' ],
50 silly audit   express: [ '4.18.1' ],
50 silly audit   'fill-range': [ '7.0.1' ],
50 silly audit   finalhandler: [ '1.2.0' ],
50 silly audit   forwarded: [ '0.2.0' ],
50 silly audit   fresh: [ '0.5.2' ],
50 silly audit   fsevents: [ '2.3.2' ],
50 silly audit   'function-bind': [ '1.1.1' ],
50 silly audit   'get-caller-file': [ '2.0.5' ],
50 silly audit   'get-intrinsic': [ '1.1.2' ],
50 silly audit   'glob-parent': [ '5.1.2' ],
50 silly audit   has: [ '1.0.3' ],
50 silly audit   'has-flag': [ '4.0.0', '3.0.0' ],
50 silly audit   'has-symbols': [ '1.0.3' ],
50 silly audit   'http-errors': [ '2.0.0' ],
50 silly audit   'iconv-lite': [ '0.4.24' ],
50 silly audit   'ignore-by-default': [ '1.0.1' ],
50 silly audit   inherits: [ '2.0.4' ],
50 silly audit   'ipaddr.js': [ '1.9.1' ],
50 silly audit   'is-binary-path': [ '2.1.0' ],
50 silly audit   'is-extglob': [ '2.1.1' ],
50 silly audit   'is-fullwidth-code-point': [ '3.0.0' ],
50 silly audit   'is-glob': [ '4.0.3' ],
50 silly audit   'is-number': [ '7.0.0' ],
50 silly audit   lodash: [ '4.17.21' ],
50 silly audit   'media-typer': [ '0.3.0' ],
50 silly audit   'merge-descriptors': [ '1.0.1' ],
50 silly audit   methods: [ '1.1.2' ],
50 silly audit   mime: [ '1.6.0' ],
50 silly audit   'mime-db': [ '1.52.0' ],
50 silly audit   'mime-types': [ '2.1.35' ],
50 silly audit   minimatch: [ '3.1.2' ],
50 silly audit   ms: [ '2.0.0', '2.1.3' ],
50 silly audit   negotiator: [ '0.6.3' ],
50 silly audit   nodemailer: [ '6.7.7' ],
50 silly audit   nodemon: [ '2.0.19' ],
50 silly audit   nopt: [ '1.0.10' ],
50 silly audit   'normalize-path': [ '3.0.0' ],
50 silly audit   'object-assign': [ '4.1.1' ],
50 silly audit   'object-inspect': [ '1.12.2' ],
50 silly audit   'on-finished': [ '2.4.1' ],
50 silly audit   parseurl: [ '1.3.3' ],
50 silly audit   'path-to-regexp': [ '0.1.7' ],
50 silly audit   picomatch: [ '2.3.1' ],
50 silly audit   'proxy-addr': [ '2.0.7' ],
50 silly audit   'pstree.remy': [ '1.1.8' ],
50 silly audit   qs: [ '6.10.3' ],
50 silly audit   'range-parser': [ '1.2.1' ],
50 silly audit   'raw-body': [ '2.5.1' ],
50 silly audit   readdirp: [ '3.6.0' ],
50 silly audit   'require-directory': [ '2.1.1' ],
50 silly audit   rxjs: [ '7.5.6' ],
50 silly audit   'safe-buffer': [ '5.2.1' ],
50 silly audit   'safer-buffer': [ '2.1.2' ],
50 silly audit   semver: [ '5.7.1', '7.0.0' ],
50 silly audit   send: [ '0.18.0' ],
50 silly audit   'serve-static': [ '1.15.0' ],
50 silly audit   setprototypeof: [ '1.2.0' ],
50 silly audit   'shell-quote': [ '1.7.3' ],
50 silly audit   'side-channel': [ '1.0.4' ],
50 silly audit   'simple-update-notifier': [ '1.0.7' ],
50 silly audit   'spawn-command': [ '0.0.2-1' ],
50 silly audit   statuses: [ '2.0.1' ],
50 silly audit   'string-width': [ '4.2.3' ],
50 silly audit   'strip-ansi': [ '6.0.1' ],
50 silly audit   'to-regex-range': [ '5.0.1' ],
50 silly audit   toidentifier: [ '1.0.1' ],
50 silly audit   touch: [ '3.1.0' ],
50 silly audit   'tree-kill': [ '1.2.2' ],
50 silly audit   tslib: [ '2.4.0' ],
50 silly audit   'type-is': [ '1.6.18' ],
50 silly audit   undefsafe: [ '2.0.5' ],
50 silly audit   unpipe: [ '1.0.0' ],
50 silly audit   'utils-merge': [ '1.0.1' ],
50 silly audit   vary: [ '1.1.2' ],
50 silly audit   'wrap-ansi': [ '7.0.0' ],
50 silly audit   y18n: [ '5.0.8' ],
50 silly audit   yargs: [ '17.5.1' ],
50 silly audit   'yargs-parser': [ '21.0.1' ]
50 silly audit }
51 verbose reify failed optional dependency C:\Users\SUBHAM RATH\Desktop\JS\Portfolio\node_modules\fsevents
52 silly reify mark deleted [
52 silly reify   'C:\\Users\\SUBHAM RATH\\Desktop\\JS\\Portfolio\\node_modules\\fsevents'
52 silly reify ]
53 timing reifyNode:node_modules/fsevents Completed in 69ms
54 timing reify:unpack Completed in 70ms
55 timing reify:unretire Completed in 0ms
56 timing build:queue Completed in 7ms
57 timing build:deps Completed in 8ms
58 timing build Completed in 8ms
59 timing reify:build Completed in 8ms
60 timing reify:trash Completed in 4ms
61 timing reify:save Completed in 25ms
62 http fetch POST 200 https://registry.npmjs.org/-/npm/v1/security/advisories/bulk 655ms
63 timing auditReport:getReport Completed in 660ms
64 silly audit report {}
65 timing auditReport:init Completed in 0ms
66 timing reify:audit Completed in 661ms
67 timing reify Completed in 805ms
68 silly ADD
69 timing command:install Completed in 820ms
70 verbose exit 0
71 timing npm Completed in 994ms
72 info ok
