0 verbose cli C:\Program Files\nodejs\node.exe C:\Program Files\nodejs\node_modules\npm\bin\npm-cli.js
1 info using npm@8.11.0
2 info using node@v18.3.0
3 timing npm:load:whichnode Completed in 0ms
4 timing config:load:defaults Completed in 4ms
5 timing config:load:file:C:\Program Files\nodejs\node_modules\npm\npmrc Completed in 3ms
6 timing config:load:builtin Completed in 4ms
7 timing config:load:cli Completed in 3ms
8 timing config:load:env Completed in 2ms
9 timing config:load:file:C:\Users\SUBHAM RATH\Desktop\JS\Portfolio\client\.npmrc Completed in 2ms
10 timing config:load:project Completed in 3ms
11 timing config:load:file:C:\Users\SUBHAM RATH\.npmrc Completed in 2ms
12 timing config:load:user Completed in 2ms
13 timing config:load:file:C:\Users\SUBHAM RATH\AppData\Roaming\npm\etc\npmrc Completed in 1ms
14 timing config:load:global Completed in 1ms
15 timing config:load:validate Completed in 1ms
16 timing config:load:credentials Completed in 1ms
17 timing config:load:setEnvs Completed in 1ms
18 timing config:load Completed in 23ms
19 timing npm:load:configload Completed in 23ms
20 timing npm:load:mkdirpcache Completed in 1ms
21 timing npm:load:mkdirplogs Completed in 0ms
22 verbose title npm start
23 verbose argv "start" "--prefix" "client"
24 timing npm:load:setTitle Completed in 1ms
25 timing config:load:flatten Completed in 5ms
26 timing npm:load:display Completed in 7ms
27 verbose logfile logs-max:10 dir:C:\Users\SUBHAM RATH\Desktop\JS\Portfolio\UsersSUBHAMRATHAppDataRoamingnpm-cache\_logs
28 verbose logfile C:\Users\SUBHAM RATH\Desktop\JS\Portfolio\UsersSUBHAMRATHAppDataRoamingnpm-cache\_logs\2022-07-24T11_44_26_886Z-debug-0.log
29 timing npm:load:logFile Completed in 10ms
30 timing npm:load:timers Completed in 1ms
31 timing npm:load:configScope Completed in 0ms
32 timing npm:load Completed in 45ms
33 silly logfile start cleaning logs, removing 2 files
34 silly logfile done cleaning log files
35 timing command:run-script Completed in 4638398ms
36 timing command:start Completed in 4638414ms
37 verbose exit 3221225786
38 timing npm Completed in 4638480ms
39 verbose code 3221225786
