0 verbose cli C:\Program Files\nodejs\node.exe C:\Program Files\nodejs\node_modules\npm\bin\npm-cli.js
1 info using npm@8.11.0
2 info using node@v18.3.0
3 timing npm:load:whichnode Completed in 1ms
4 timing config:load:defaults Completed in 1ms
5 timing config:load:file:C:\Program Files\nodejs\node_modules\npm\npmrc Completed in 3ms
6 timing config:load:builtin Completed in 3ms
7 timing config:load:cli Completed in 2ms
8 timing config:load:env Completed in 0ms
9 timing config:load:file:C:\Users\SUBHAM RATH\Desktop\JS\Portfolio\.npmrc Completed in 0ms
10 timing config:load:project Completed in 4ms
11 timing config:load:file:C:\Users\SUBHAM RATH\.npmrc Completed in 1ms
12 timing config:load:user Completed in 1ms
13 timing config:load:file:C:\Users\SUBHAM RATH\AppData\Roaming\npm\etc\npmrc Completed in 1ms
14 timing config:load:global Completed in 1ms
15 timing config:load:validate Completed in 0ms
16 timing config:load:credentials Completed in 1ms
17 timing config:load:setEnvs Completed in 1ms
18 timing config:load Completed in 14ms
19 timing npm:load:configload Completed in 14ms
20 timing npm:load:mkdirpcache Completed in 1ms
21 timing npm:load:mkdirplogs Completed in 0ms
22 verbose title npm i concurrently cors dotenv express nodemailer nodemon
23 verbose argv "i" "concurrently" "cors" "dotenv" "express" "nodemailer" "nodemon"
24 timing npm:load:setTitle Completed in 1ms
25 timing config:load:flatten Completed in 3ms
26 timing npm:load:display Completed in 4ms
27 verbose logfile logs-max:10 dir:C:\Users\SUBHAM RATH\Desktop\JS\Portfolio\UsersSUBHAMRATHAppDataRoamingnpm-cache\_logs
28 verbose logfile C:\Users\SUBHAM RATH\Desktop\JS\Portfolio\UsersSUBHAMRATHAppDataRoamingnpm-cache\_logs\2022-07-24T11_08_39_747Z-debug-0.log
29 timing npm:load:logFile Completed in 18ms
30 timing npm:load:timers Completed in 1ms
31 timing npm:load:configScope Completed in 0ms
32 timing npm:load Completed in 40ms
33 timing arborist:ctor Completed in 1ms
34 silly logfile start cleaning logs, removing 2 files
35 silly logfile done cleaning log files
36 timing arborist:ctor Completed in 1ms
37 timing idealTree:init Completed in 12ms
38 timing idealTree:userRequests Completed in 4ms
39 silly idealTree buildDeps
40 silly fetch manifest concurrently@*
41 http fetch GET 200 https://registry.npmjs.org/concurrently 661ms (cache miss)
42 silly fetch manifest cors@*
43 http fetch GET 200 https://registry.npmjs.org/cors 1063ms (cache miss)
44 silly fetch manifest dotenv@*
45 http fetch GET 200 https://registry.npmjs.org/dotenv 96ms (cache revalidated)
46 silly fetch manifest express@*
47 http fetch GET 200 https://registry.npmjs.org/express 186ms (cache updated)
48 silly fetch manifest nodemailer@*
49 http fetch GET 200 https://registry.npmjs.org/nodemailer 429ms (cache miss)
50 silly fetch manifest nodemon@*
51 http fetch GET 200 https://registry.npmjs.org/nodemon 172ms (cache miss)
52 silly placeDep ROOT concurrently@7.3.0 OK for: y@1.0.0 want: *
53 silly placeDep ROOT cors@2.8.5 OK for: y@1.0.0 want: *
54 silly placeDep ROOT dotenv@16.0.1 OK for: y@1.0.0 want: *
55 silly placeDep ROOT express@4.18.1 OK for: y@1.0.0 want: *
56 silly placeDep ROOT nodemailer@6.7.7 OK for: y@1.0.0 want: *
57 silly placeDep ROOT nodemon@2.0.19 OK for: y@1.0.0 want: *
58 silly fetch manifest chalk@^4.1.0
59 silly fetch manifest date-fns@^2.16.1
60 silly fetch manifest lodash@^4.17.21
61 silly fetch manifest rxjs@^7.0.0
62 silly fetch manifest shell-quote@^1.7.3
63 silly fetch manifest spawn-command@^0.0.2-1
64 silly fetch manifest supports-color@^8.1.0
65 silly fetch manifest tree-kill@^1.2.2
66 silly fetch manifest yargs@^17.3.1
67 silly fetch manifest object-assign@^4
68 silly fetch manifest vary@^1
69 silly fetch manifest accepts@~1.3.8
70 silly fetch manifest array-flatten@1.1.1
71 silly fetch manifest body-parser@1.20.0
72 silly fetch manifest content-disposition@0.5.4
73 silly fetch manifest content-type@~1.0.4
74 silly fetch manifest cookie@0.5.0
75 silly fetch manifest cookie-signature@1.0.6
76 silly fetch manifest debug@2.6.9
77 silly fetch manifest depd@2.0.0
78 silly fetch manifest encodeurl@~1.0.2
79 silly fetch manifest escape-html@~1.0.3
80 silly fetch manifest etag@~1.8.1
81 silly fetch manifest finalhandler@1.2.0
82 silly fetch manifest fresh@0.5.2
83 silly fetch manifest http-errors@2.0.0
84 silly fetch manifest merge-descriptors@1.0.1
85 silly fetch manifest methods@~1.1.2
86 silly fetch manifest on-finished@2.4.1
87 silly fetch manifest parseurl@~1.3.3
88 silly fetch manifest path-to-regexp@0.1.7
89 silly fetch manifest proxy-addr@~2.0.7
90 silly fetch manifest qs@6.10.3
91 silly fetch manifest range-parser@~1.2.1
92 silly fetch manifest safe-buffer@5.2.1
93 silly fetch manifest send@0.18.0
94 silly fetch manifest serve-static@1.15.0
95 silly fetch manifest setprototypeof@1.2.0
96 silly fetch manifest statuses@2.0.1
97 silly fetch manifest type-is@~1.6.18
98 silly fetch manifest utils-merge@1.0.1
99 silly fetch manifest vary@~1.1.2
100 silly fetch manifest chokidar@^3.5.2
101 silly fetch manifest debug@^3.2.7
102 silly fetch manifest ignore-by-default@^1.0.1
103 silly fetch manifest minimatch@^3.0.4
104 silly fetch manifest pstree.remy@^1.1.8
105 silly fetch manifest semver@^5.7.1
106 silly fetch manifest simple-update-notifier@^1.0.7
107 silly fetch manifest supports-color@^5.5.0
108 silly fetch manifest touch@^3.1.0
109 silly fetch manifest undefsafe@^2.0.5
110 http fetch GET 200 https://registry.npmjs.org/shell-quote 306ms (cache revalidated)
111 http fetch GET 200 https://registry.npmjs.org/tree-kill 310ms (cache miss)
112 http fetch GET 200 https://registry.npmjs.org/vary 310ms (cache revalidated)
113 http fetch GET 200 https://registry.npmjs.org/chalk 320ms (cache revalidated)
114 http fetch GET 200 https://registry.npmjs.org/lodash 361ms (cache updated)
115 http fetch GET 200 https://registry.npmjs.org/cookie 398ms (cache revalidated)
116 http fetch GET 200 https://registry.npmjs.org/accepts 424ms (cache revalidated)
117 http fetch GET 200 https://registry.npmjs.org/content-type 421ms (cache revalidated)
118 http fetch GET 200 https://registry.npmjs.org/object-assign 448ms (cache revalidated)
119 http fetch GET 200 https://registry.npmjs.org/rxjs 456ms (cache miss)
120 http fetch GET 200 https://registry.npmjs.org/ignore-by-default 431ms (cache miss)
121 http fetch GET 200 https://registry.npmjs.org/escape-html 452ms (cache revalidated)
122 http fetch GET 200 https://registry.npmjs.org/spawn-command 495ms (cache miss)
123 http fetch GET 200 https://registry.npmjs.org/array-flatten 490ms (cache revalidated)
124 http fetch GET 200 https://registry.npmjs.org/supports-color 496ms (cache revalidated)
125 http fetch GET 200 https://registry.npmjs.org/etag 509ms (cache revalidated)
126 http fetch GET 200 https://registry.npmjs.org/simple-update-notifier 495ms (cache miss)
127 http fetch GET 200 https://registry.npmjs.org/touch 507ms (cache miss)
128 http fetch GET 200 https://registry.npmjs.org/depd 537ms (cache revalidated)
129 http fetch GET 200 https://registry.npmjs.org/fresh 537ms (cache revalidated)
130 http fetch GET 200 https://registry.npmjs.org/cookie-signature 543ms (cache revalidated)
131 http fetch GET 200 https://registry.npmjs.org/content-disposition 547ms (cache revalidated)
132 http fetch GET 200 https://registry.npmjs.org/parseurl 570ms (cache revalidated)
133 http fetch GET 200 https://registry.npmjs.org/body-parser 586ms (cache revalidated)
134 http fetch GET 200 https://registry.npmjs.org/debug 585ms (cache revalidated)
135 http fetch GET 200 https://registry.npmjs.org/proxy-addr 592ms (cache revalidated)
136 http fetch GET 200 https://registry.npmjs.org/range-parser 599ms (cache revalidated)
137 http fetch GET 200 https://registry.npmjs.org/finalhandler 608ms (cache revalidated)
138 http fetch GET 200 https://registry.npmjs.org/methods 609ms (cache revalidated)
139 http fetch GET 200 https://registry.npmjs.org/http-errors 611ms (cache revalidated)
140 http fetch GET 200 https://registry.npmjs.org/yargs 626ms (cache revalidated)
141 http fetch GET 200 https://registry.npmjs.org/merge-descriptors 620ms (cache revalidated)
142 http fetch GET 200 https://registry.npmjs.org/qs 619ms (cache revalidated)
143 http fetch GET 200 https://registry.npmjs.org/vary 649ms (cache revalidated)
144 http fetch GET 200 https://registry.npmjs.org/safe-buffer 654ms (cache revalidated)
145 http fetch GET 200 https://registry.npmjs.org/path-to-regexp 659ms (cache revalidated)
146 http fetch GET 200 https://registry.npmjs.org/send 668ms (cache revalidated)
147 http fetch GET 200 https://registry.npmjs.org/chokidar 681ms (cache revalidated)
148 http fetch GET 200 https://registry.npmjs.org/minimatch 691ms (cache revalidated)
149 http fetch GET 200 https://registry.npmjs.org/debug 703ms (cache revalidated)
150 http fetch GET 200 https://registry.npmjs.org/supports-color 720ms (cache revalidated)
151 http fetch GET 200 https://registry.npmjs.org/setprototypeof 730ms (cache revalidated)
152 http fetch GET 200 https://registry.npmjs.org/statuses 732ms (cache revalidated)
153 http fetch GET 200 https://registry.npmjs.org/semver 731ms (cache revalidated)
154 http fetch GET 200 https://registry.npmjs.org/type-is 744ms (cache revalidated)
155 http fetch GET 200 https://registry.npmjs.org/encodeurl 772ms (cache revalidated)
156 http fetch GET 200 https://registry.npmjs.org/serve-static 864ms (cache revalidated)
157 http fetch GET 200 https://registry.npmjs.org/utils-merge 1092ms (cache revalidated)
158 http fetch GET 200 https://registry.npmjs.org/date-fns 1159ms (cache miss)
159 http fetch GET 200 https://registry.npmjs.org/pstree.remy 1267ms (cache miss)
160 http fetch GET 200 https://registry.npmjs.org/undefsafe 1510ms (cache miss)
161 http fetch GET 200 https://registry.npmjs.org/on-finished 1740ms (cache revalidated)
162 timing idealTree:#root Completed in 4440ms
163 silly placeDep ROOT chalk@4.1.2 OK for: concurrently@7.3.0 want: ^4.1.0
164 silly placeDep ROOT date-fns@2.29.1 OK for: concurrently@7.3.0 want: ^2.16.1
165 silly placeDep ROOT lodash@4.17.21 OK for: concurrently@7.3.0 want: ^4.17.21
166 silly placeDep ROOT rxjs@7.5.6 OK for: concurrently@7.3.0 want: ^7.0.0
167 silly placeDep ROOT shell-quote@1.7.3 OK for: concurrently@7.3.0 want: ^1.7.3
168 silly placeDep ROOT spawn-command@0.0.2-1 OK for: concurrently@7.3.0 want: ^0.0.2-1
169 silly placeDep ROOT supports-color@8.1.1 OK for: concurrently@7.3.0 want: ^8.1.0
170 silly placeDep ROOT tree-kill@1.2.2 OK for: concurrently@7.3.0 want: ^1.2.2
171 silly placeDep ROOT yargs@17.5.1 OK for: concurrently@7.3.0 want: ^17.3.1
172 silly fetch manifest ansi-styles@^4.1.0
173 silly fetch manifest supports-color@^7.1.0
174 silly fetch manifest tslib@^2.1.0
175 silly fetch manifest has-flag@^4.0.0
176 silly fetch manifest cliui@^7.0.2
177 silly fetch manifest escalade@^3.1.1
178 silly fetch manifest get-caller-file@^2.0.5
179 silly fetch manifest require-directory@^2.1.1
180 silly fetch manifest string-width@^4.2.3
181 silly fetch manifest y18n@^5.0.5
182 silly fetch manifest yargs-parser@^21.0.0
183 http fetch GET 200 https://registry.npmjs.org/has-flag 108ms (cache revalidated)
184 http fetch GET 200 https://registry.npmjs.org/get-caller-file 105ms (cache revalidated)
185 http fetch GET 200 https://registry.npmjs.org/tslib 110ms (cache revalidated)
186 http fetch GET 200 https://registry.npmjs.org/require-directory 113ms (cache revalidated)
187 http fetch GET 200 https://registry.npmjs.org/string-width 113ms (cache revalidated)
188 http fetch GET 200 https://registry.npmjs.org/y18n 112ms (cache revalidated)
189 http fetch GET 200 https://registry.npmjs.org/yargs-parser 133ms (cache revalidated)
190 http fetch GET 200 https://registry.npmjs.org/ansi-styles 143ms (cache revalidated)
191 http fetch GET 200 https://registry.npmjs.org/escalade 159ms (cache revalidated)
192 http fetch GET 200 https://registry.npmjs.org/cliui 364ms (cache revalidated)
193 timing idealTree:node_modules/concurrently Completed in 384ms
194 silly placeDep ROOT ansi-styles@4.3.0 OK for: chalk@4.1.2 want: ^4.1.0
195 silly placeDep node_modules/chalk supports-color@7.2.0 OK for: chalk@4.1.2 want: ^7.1.0
196 silly fetch manifest color-convert@^2.0.1
197 http fetch GET 200 https://registry.npmjs.org/color-convert 88ms (cache revalidated)
198 timing idealTree:node_modules/chalk Completed in 91ms
199 silly placeDep ROOT color-convert@2.0.1 OK for: ansi-styles@4.3.0 want: ^2.0.1
200 silly fetch manifest color-name@~1.1.4
201 http fetch GET 200 https://registry.npmjs.org/color-name 104ms (cache revalidated)
202 timing idealTree:node_modules/ansi-styles Completed in 105ms
203 silly placeDep ROOT color-name@1.1.4 OK for: color-convert@2.0.1 want: ~1.1.4
204 timing idealTree:node_modules/color-convert Completed in 2ms
205 timing idealTree:node_modules/color-name Completed in 0ms
206 silly placeDep ROOT object-assign@4.1.1 OK for: cors@2.8.5 want: ^4
207 silly placeDep ROOT vary@1.1.2 OK for: cors@2.8.5 want: ^1
208 timing idealTree:node_modules/cors Completed in 2ms
209 timing idealTree:node_modules/date-fns Completed in 0ms
210 timing idealTree:node_modules/dotenv Completed in 0ms
211 silly placeDep ROOT accepts@1.3.8 OK for: express@4.18.1 want: ~1.3.8
212 silly placeDep ROOT array-flatten@1.1.1 OK for: express@4.18.1 want: 1.1.1
213 silly placeDep ROOT body-parser@1.20.0 OK for: express@4.18.1 want: 1.20.0
214 silly placeDep ROOT content-disposition@0.5.4 OK for: express@4.18.1 want: 0.5.4
215 silly placeDep ROOT content-type@1.0.4 OK for: express@4.18.1 want: ~1.0.4
216 silly placeDep ROOT cookie@0.5.0 OK for: express@4.18.1 want: 0.5.0
217 silly placeDep ROOT cookie-signature@1.0.6 OK for: express@4.18.1 want: 1.0.6
218 silly placeDep ROOT debug@2.6.9 OK for: express@4.18.1 want: 2.6.9
219 silly placeDep ROOT depd@2.0.0 OK for: express@4.18.1 want: 2.0.0
220 silly placeDep ROOT encodeurl@1.0.2 OK for: express@4.18.1 want: ~1.0.2
221 silly placeDep ROOT escape-html@1.0.3 OK for: express@4.18.1 want: ~1.0.3
222 silly placeDep ROOT etag@1.8.1 OK for: express@4.18.1 want: ~1.8.1
223 silly placeDep ROOT finalhandler@1.2.0 OK for: express@4.18.1 want: 1.2.0
224 silly placeDep ROOT fresh@0.5.2 OK for: express@4.18.1 want: 0.5.2
225 silly placeDep ROOT http-errors@2.0.0 OK for: express@4.18.1 want: 2.0.0
226 silly placeDep ROOT merge-descriptors@1.0.1 OK for: express@4.18.1 want: 1.0.1
227 silly placeDep ROOT methods@1.1.2 OK for: express@4.18.1 want: ~1.1.2
228 silly placeDep ROOT on-finished@2.4.1 OK for: express@4.18.1 want: 2.4.1
229 silly placeDep ROOT parseurl@1.3.3 OK for: express@4.18.1 want: ~1.3.3
230 silly placeDep ROOT path-to-regexp@0.1.7 OK for: express@4.18.1 want: 0.1.7
231 silly placeDep ROOT proxy-addr@2.0.7 OK for: express@4.18.1 want: ~2.0.7
232 silly placeDep ROOT qs@6.10.3 OK for: express@4.18.1 want: 6.10.3
233 silly placeDep ROOT range-parser@1.2.1 OK for: express@4.18.1 want: ~1.2.1
234 silly placeDep ROOT safe-buffer@5.2.1 OK for: express@4.18.1 want: 5.2.1
235 silly placeDep ROOT send@0.18.0 OK for: express@4.18.1 want: 0.18.0
236 silly placeDep ROOT serve-static@1.15.0 OK for: express@4.18.1 want: 1.15.0
237 silly placeDep ROOT setprototypeof@1.2.0 OK for: express@4.18.1 want: 1.2.0
238 silly placeDep ROOT statuses@2.0.1 OK for: express@4.18.1 want: 2.0.1
239 silly placeDep ROOT type-is@1.6.18 OK for: express@4.18.1 want: ~1.6.18
240 silly placeDep ROOT utils-merge@1.0.1 OK for: express@4.18.1 want: 1.0.1
241 silly fetch manifest mime-types@~2.1.34
242 silly fetch manifest negotiator@0.6.3
243 silly fetch manifest bytes@3.1.2
244 silly fetch manifest destroy@1.2.0
245 silly fetch manifest iconv-lite@0.4.24
246 silly fetch manifest raw-body@2.5.1
247 silly fetch manifest unpipe@1.0.0
248 silly fetch manifest ms@2.0.0
249 silly fetch manifest unpipe@~1.0.0
250 silly fetch manifest inherits@2.0.4
251 silly fetch manifest toidentifier@1.0.1
252 silly fetch manifest ee-first@1.1.1
253 silly fetch manifest forwarded@0.2.0
254 silly fetch manifest ipaddr.js@1.9.1
255 silly fetch manifest side-channel@^1.0.4
256 silly fetch manifest mime@1.6.0
257 silly fetch manifest ms@2.1.3
258 silly fetch manifest media-typer@0.3.0
259 silly fetch manifest mime-types@~2.1.24
260 http fetch GET 200 https://registry.npmjs.org/mime-types 126ms (cache revalidated)
261 http fetch GET 200 https://registry.npmjs.org/toidentifier 138ms (cache revalidated)
262 http fetch GET 200 https://registry.npmjs.org/iconv-lite 142ms (cache revalidated)
263 http fetch GET 200 https://registry.npmjs.org/ee-first 139ms (cache revalidated)
264 http fetch GET 200 https://registry.npmjs.org/forwarded 139ms (cache revalidated)
265 http fetch GET 200 https://registry.npmjs.org/destroy 146ms (cache revalidated)
266 http fetch GET 200 https://registry.npmjs.org/ms 151ms (cache updated)
267 http fetch GET 200 https://registry.npmjs.org/unpipe 158ms (cache revalidated)
268 http fetch GET 200 https://registry.npmjs.org/ipaddr.js 158ms (cache revalidated)
269 http fetch GET 200 https://registry.npmjs.org/bytes 173ms (cache revalidated)
270 http fetch GET 200 https://registry.npmjs.org/unpipe 171ms (cache revalidated)
271 http fetch GET 200 https://registry.npmjs.org/mime-types 160ms (cache revalidated)
272 http fetch GET 200 https://registry.npmjs.org/ms 163ms (cache updated)
273 http fetch GET 200 https://registry.npmjs.org/inherits 187ms (cache revalidated)
274 http fetch GET 200 https://registry.npmjs.org/media-typer 202ms (cache revalidated)
275 http fetch GET 200 https://registry.npmjs.org/side-channel 206ms (cache revalidated)
276 http fetch GET 200 https://registry.npmjs.org/negotiator 233ms (cache revalidated)
277 http fetch GET 200 https://registry.npmjs.org/raw-body 251ms (cache revalidated)
278 http fetch GET 200 https://registry.npmjs.org/mime 556ms (cache revalidated)
279 timing idealTree:node_modules/express Completed in 610ms
280 silly placeDep ROOT mime-types@2.1.35 OK for: accepts@1.3.8 want: ~2.1.34
281 silly placeDep ROOT negotiator@0.6.3 OK for: accepts@1.3.8 want: 0.6.3
282 silly fetch manifest mime-db@1.52.0
283 http fetch GET 200 https://registry.npmjs.org/mime-db 90ms (cache revalidated)
284 timing idealTree:node_modules/accepts Completed in 95ms
285 timing idealTree:node_modules/array-flatten Completed in 0ms
286 silly placeDep ROOT bytes@3.1.2 OK for: body-parser@1.20.0 want: 3.1.2
287 silly placeDep ROOT destroy@1.2.0 OK for: body-parser@1.20.0 want: 1.2.0
288 silly placeDep ROOT iconv-lite@0.4.24 OK for: body-parser@1.20.0 want: 0.4.24
289 silly placeDep ROOT raw-body@2.5.1 OK for: body-parser@1.20.0 want: 2.5.1
290 silly placeDep ROOT unpipe@1.0.0 OK for: body-parser@1.20.0 want: 1.0.0
291 silly fetch manifest safer-buffer@>= 2.1.2 < 3
292 http fetch GET 200 https://registry.npmjs.org/safer-buffer 84ms (cache revalidated)
293 timing idealTree:node_modules/body-parser Completed in 91ms
294 timing idealTree:node_modules/bytes Completed in 0ms
295 timing idealTree:node_modules/content-disposition Completed in 0ms
296 timing idealTree:node_modules/content-type Completed in 0ms
297 timing idealTree:node_modules/cookie Completed in 0ms
298 timing idealTree:node_modules/cookie-signature Completed in 0ms
299 silly placeDep ROOT ms@2.0.0 OK for: debug@2.6.9 want: 2.0.0
300 timing idealTree:node_modules/debug Completed in 1ms
301 timing idealTree:node_modules/depd Completed in 0ms
302 timing idealTree:node_modules/destroy Completed in 0ms
303 timing idealTree:node_modules/encodeurl Completed in 0ms
304 timing idealTree:node_modules/escape-html Completed in 0ms
305 timing idealTree:node_modules/etag Completed in 0ms
306 timing idealTree:node_modules/finalhandler Completed in 0ms
307 timing idealTree:node_modules/fresh Completed in 0ms
308 silly placeDep ROOT inherits@2.0.4 OK for: http-errors@2.0.0 want: 2.0.4
309 silly placeDep ROOT toidentifier@1.0.1 OK for: http-errors@2.0.0 want: 1.0.1
310 timing idealTree:node_modules/http-errors Completed in 1ms
311 silly placeDep ROOT safer-buffer@2.1.2 OK for: iconv-lite@0.4.24 want: >= 2.1.2 < 3
312 timing idealTree:node_modules/iconv-lite Completed in 1ms
313 timing idealTree:node_modules/inherits Completed in 0ms
314 timing idealTree:node_modules/lodash Completed in 0ms
315 timing idealTree:node_modules/merge-descriptors Completed in 0ms
316 timing idealTree:node_modules/methods Completed in 0ms
317 silly placeDep ROOT mime-db@1.52.0 OK for: mime-types@2.1.35 want: 1.52.0
318 timing idealTree:node_modules/mime-types Completed in 1ms
319 timing idealTree:node_modules/mime-db Completed in 0ms
320 timing idealTree:node_modules/ms Completed in 0ms
321 timing idealTree:node_modules/negotiator Completed in 0ms
322 timing idealTree:node_modules/nodemailer Completed in 0ms
323 silly placeDep ROOT chokidar@3.5.3 OK for: nodemon@2.0.19 want: ^3.5.2
324 silly placeDep node_modules/nodemon debug@3.2.7 OK for: nodemon@2.0.19 want: ^3.2.7
325 silly placeDep ROOT ignore-by-default@1.0.1 OK for: nodemon@2.0.19 want: ^1.0.1
326 silly placeDep ROOT minimatch@3.1.2 OK for: nodemon@2.0.19 want: ^3.0.4
327 silly placeDep ROOT pstree.remy@1.1.8 OK for: nodemon@2.0.19 want: ^1.1.8
328 silly placeDep ROOT semver@5.7.1 OK for: nodemon@2.0.19 want: ^5.7.1
329 silly placeDep ROOT simple-update-notifier@1.0.7 OK for: nodemon@2.0.19 want: ^1.0.7
330 silly placeDep node_modules/nodemon supports-color@5.5.0 OK for: nodemon@2.0.19 want: ^5.5.0
331 silly placeDep ROOT touch@3.1.0 OK for: nodemon@2.0.19 want: ^3.1.0
332 silly placeDep ROOT undefsafe@2.0.5 OK for: nodemon@2.0.19 want: ^2.0.5
333 silly fetch manifest anymatch@~3.1.2
334 silly fetch manifest braces@~3.0.2
335 silly fetch manifest glob-parent@~5.1.2
336 silly fetch manifest is-binary-path@~2.1.0
337 silly fetch manifest is-glob@~4.0.1
338 silly fetch manifest normalize-path@~3.0.0
339 silly fetch manifest readdirp@~3.6.0
340 silly fetch manifest fsevents@~2.3.2
341 silly fetch manifest ms@^2.1.1
342 silly fetch manifest brace-expansion@^1.1.7
343 silly fetch manifest semver@~7.0.0
344 silly fetch manifest has-flag@^3.0.0
345 silly fetch manifest nopt@~1.0.10
346 http fetch GET 200 https://registry.npmjs.org/nopt 85ms (cache miss)
347 http fetch GET 200 https://registry.npmjs.org/is-binary-path 99ms (cache revalidated)
348 http fetch GET 200 https://registry.npmjs.org/normalize-path 98ms (cache revalidated)
349 http fetch GET 200 https://registry.npmjs.org/braces 100ms (cache revalidated)
350 http fetch GET 200 https://registry.npmjs.org/glob-parent 116ms (cache revalidated)
351 http fetch GET 200 https://registry.npmjs.org/anymatch 118ms (cache revalidated)
352 http fetch GET 200 https://registry.npmjs.org/is-glob 116ms (cache revalidated)
353 http fetch GET 200 https://registry.npmjs.org/fsevents 125ms (cache revalidated)
354 http fetch GET 200 https://registry.npmjs.org/readdirp 141ms (cache revalidated)
355 http fetch GET 200 https://registry.npmjs.org/brace-expansion 140ms (cache revalidated)
356 timing idealTree:node_modules/nodemon Completed in 152ms
357 silly placeDep ROOT anymatch@3.1.2 OK for: chokidar@3.5.3 want: ~3.1.2
358 silly placeDep ROOT braces@3.0.2 OK for: chokidar@3.5.3 want: ~3.0.2
359 silly placeDep ROOT fsevents@2.3.2 OK for: chokidar@3.5.3 want: ~2.3.2
360 silly placeDep ROOT glob-parent@5.1.2 OK for: chokidar@3.5.3 want: ~5.1.2
361 silly placeDep ROOT is-binary-path@2.1.0 OK for: chokidar@3.5.3 want: ~2.1.0
362 silly placeDep ROOT is-glob@4.0.3 OK for: chokidar@3.5.3 want: ~4.0.1
363 silly placeDep ROOT normalize-path@3.0.0 OK for: chokidar@3.5.3 want: ~3.0.0
364 silly placeDep ROOT readdirp@3.6.0 OK for: chokidar@3.5.3 want: ~3.6.0
365 silly fetch manifest picomatch@^2.0.4
366 silly fetch manifest fill-range@^7.0.1
367 silly fetch manifest binary-extensions@^2.0.0
368 silly fetch manifest is-extglob@^2.1.1
369 silly fetch manifest picomatch@^2.2.1
370 http fetch GET 200 https://registry.npmjs.org/is-extglob 106ms (cache revalidated)
371 http fetch GET 200 https://registry.npmjs.org/binary-extensions 107ms (cache revalidated)
372 http fetch GET 200 https://registry.npmjs.org/picomatch 106ms (cache revalidated)
373 http fetch GET 200 https://registry.npmjs.org/picomatch 110ms (cache revalidated)
374 http fetch GET 200 https://registry.npmjs.org/fill-range 140ms (cache revalidated)
375 timing idealTree:node_modules/chokidar Completed in 147ms
376 silly placeDep ROOT picomatch@2.3.1 OK for: anymatch@3.1.2 want: ^2.0.4
377 timing idealTree:node_modules/anymatch Completed in 1ms
378 silly placeDep ROOT fill-range@7.0.1 OK for: braces@3.0.2 want: ^7.0.1
379 silly fetch manifest to-regex-range@^5.0.1
380 http fetch GET 200 https://registry.npmjs.org/to-regex-range 85ms (cache revalidated)
381 timing idealTree:node_modules/braces Completed in 86ms
382 silly placeDep ROOT to-regex-range@5.0.1 OK for: fill-range@7.0.1 want: ^5.0.1
383 silly fetch manifest is-number@^7.0.0
384 http fetch GET 200 https://registry.npmjs.org/is-number 100ms (cache revalidated)
385 timing idealTree:node_modules/fill-range Completed in 104ms
386 timing idealTree:node_modules/fsevents Completed in 0ms
387 timing idealTree:node_modules/glob-parent Completed in 0ms
388 timing idealTree:node_modules/ignore-by-default Completed in 0ms
389 silly placeDep ROOT binary-extensions@2.2.0 OK for: is-binary-path@2.1.0 want: ^2.0.0
390 timing idealTree:node_modules/is-binary-path Completed in 2ms
391 timing idealTree:node_modules/binary-extensions Completed in 0ms
392 silly placeDep ROOT is-extglob@2.1.1 OK for: is-glob@4.0.3 want: ^2.1.1
393 timing idealTree:node_modules/is-glob Completed in 1ms
394 timing idealTree:node_modules/is-extglob Completed in 0ms
395 silly placeDep ROOT brace-expansion@1.1.11 OK for: minimatch@3.1.2 want: ^1.1.7
396 silly fetch manifest balanced-match@^1.0.0
397 silly fetch manifest concat-map@0.0.1
398 http fetch GET 200 https://registry.npmjs.org/balanced-match 94ms (cache revalidated)
399 http fetch GET 200 https://registry.npmjs.org/concat-map 111ms (cache revalidated)
400 timing idealTree:node_modules/minimatch Completed in 113ms
401 silly placeDep ROOT balanced-match@1.0.2 OK for: brace-expansion@1.1.11 want: ^1.0.0
402 silly placeDep ROOT concat-map@0.0.1 OK for: brace-expansion@1.1.11 want: 0.0.1
403 timing idealTree:node_modules/brace-expansion Completed in 1ms
404 timing idealTree:node_modules/balanced-match Completed in 0ms
405 timing idealTree:node_modules/concat-map Completed in 0ms
406 timing idealTree:node_modules/normalize-path Completed in 0ms
407 timing idealTree:node_modules/object-assign Completed in 0ms
408 silly placeDep ROOT ee-first@1.1.1 OK for: on-finished@2.4.1 want: 1.1.1
409 timing idealTree:node_modules/on-finished Completed in 1ms
410 timing idealTree:node_modules/ee-first Completed in 0ms
411 timing idealTree:node_modules/parseurl Completed in 0ms
412 timing idealTree:node_modules/path-to-regexp Completed in 0ms
413 timing idealTree:node_modules/picomatch Completed in 0ms
414 silly placeDep ROOT forwarded@0.2.0 OK for: proxy-addr@2.0.7 want: 0.2.0
415 silly placeDep ROOT ipaddr.js@1.9.1 OK for: proxy-addr@2.0.7 want: 1.9.1
416 timing idealTree:node_modules/proxy-addr Completed in 2ms
417 timing idealTree:node_modules/forwarded Completed in 0ms
418 timing idealTree:node_modules/ipaddr.js Completed in 0ms
419 timing idealTree:node_modules/pstree.remy Completed in 0ms
420 silly placeDep ROOT side-channel@1.0.4 OK for: qs@6.10.3 want: ^1.0.4
421 silly fetch manifest call-bind@^1.0.0
422 silly fetch manifest get-intrinsic@^1.0.2
423 silly fetch manifest object-inspect@^1.9.0
424 http fetch GET 200 https://registry.npmjs.org/object-inspect 109ms (cache revalidated)
425 http fetch GET 200 https://registry.npmjs.org/get-intrinsic 130ms (cache revalidated)
426 http fetch GET 200 https://registry.npmjs.org/call-bind 131ms (cache revalidated)
427 timing idealTree:node_modules/qs Completed in 132ms
428 timing idealTree:node_modules/range-parser Completed in 0ms
429 timing idealTree:node_modules/raw-body Completed in 0ms
430 timing idealTree:node_modules/readdirp Completed in 0ms
431 silly placeDep ROOT tslib@2.4.0 OK for: rxjs@7.5.6 want: ^2.1.0
432 timing idealTree:node_modules/rxjs Completed in 1ms
433 timing idealTree:node_modules/safe-buffer Completed in 0ms
434 timing idealTree:node_modules/safer-buffer Completed in 0ms
435 timing idealTree:node_modules/semver Completed in 0ms
436 silly placeDep ROOT mime@1.6.0 OK for: send@0.18.0 want: 1.6.0
437 silly placeDep node_modules/send ms@2.1.3 OK for: send@0.18.0 want: 2.1.3
438 timing idealTree:node_modules/send Completed in 2ms
439 timing idealTree:node_modules/mime Completed in 0ms
440 timing idealTree:node_modules/serve-static Completed in 0ms
441 timing idealTree:node_modules/setprototypeof Completed in 0ms
442 timing idealTree:node_modules/shell-quote Completed in 0ms
443 silly placeDep ROOT call-bind@1.0.2 OK for: side-channel@1.0.4 want: ^1.0.0
444 silly placeDep ROOT get-intrinsic@1.1.2 OK for: side-channel@1.0.4 want: ^1.0.2
445 silly placeDep ROOT object-inspect@1.12.2 OK for: side-channel@1.0.4 want: ^1.9.0
446 silly fetch manifest function-bind@^1.1.1
447 silly fetch manifest has@^1.0.3
448 silly fetch manifest has-symbols@^1.0.3
449 http fetch GET 200 https://registry.npmjs.org/has 86ms (cache revalidated)
450 http fetch GET 200 https://registry.npmjs.org/has-symbols 106ms (cache revalidated)
451 http fetch GET 200 https://registry.npmjs.org/function-bind 125ms (cache revalidated)
452 timing idealTree:node_modules/side-channel Completed in 132ms
453 silly placeDep ROOT function-bind@1.1.1 OK for: call-bind@1.0.2 want: ^1.1.1
454 timing idealTree:node_modules/call-bind Completed in 1ms
455 timing idealTree:node_modules/function-bind Completed in 0ms
456 silly placeDep ROOT has@1.0.3 OK for: get-intrinsic@1.1.2 want: ^1.0.3
457 silly placeDep ROOT has-symbols@1.0.3 OK for: get-intrinsic@1.1.2 want: ^1.0.3
458 timing idealTree:node_modules/get-intrinsic Completed in 5ms
459 timing idealTree:node_modules/has Completed in 0ms
460 timing idealTree:node_modules/has-symbols Completed in 0ms
461 timing idealTree:node_modules/object-inspect Completed in 0ms
462 silly placeDep node_modules/simple-update-notifier semver@7.0.0 OK for: simple-update-notifier@1.0.7 want: ~7.0.0
463 timing idealTree:node_modules/simple-update-notifier Completed in 1ms
464 timing idealTree:node_modules/spawn-command Completed in 0ms
465 timing idealTree:node_modules/statuses Completed in 0ms
466 silly placeDep ROOT has-flag@4.0.0 OK for: supports-color@8.1.1 want: ^4.0.0
467 timing idealTree:node_modules/supports-color Completed in 1ms
468 timing idealTree:node_modules/has-flag Completed in 0ms
469 silly placeDep ROOT is-number@7.0.0 OK for: to-regex-range@5.0.1 want: ^7.0.0
470 timing idealTree:node_modules/to-regex-range Completed in 1ms
471 timing idealTree:node_modules/is-number Completed in 0ms
472 timing idealTree:node_modules/toidentifier Completed in 0ms
473 silly placeDep ROOT nopt@1.0.10 OK for: touch@3.1.0 want: ~1.0.10
474 silly fetch manifest abbrev@1
475 http fetch GET 200 https://registry.npmjs.org/abbrev 137ms (cache miss)
476 timing idealTree:node_modules/touch Completed in 138ms
477 silly placeDep ROOT abbrev@1.1.1 OK for: nopt@1.0.10 want: 1
478 timing idealTree:node_modules/nopt Completed in 1ms
479 timing idealTree:node_modules/abbrev Completed in 0ms
480 timing idealTree:node_modules/tree-kill Completed in 0ms
481 timing idealTree:node_modules/tslib Completed in 0ms
482 silly placeDep ROOT media-typer@0.3.0 OK for: type-is@1.6.18 want: 0.3.0
483 timing idealTree:node_modules/type-is Completed in 1ms
484 timing idealTree:node_modules/media-typer Completed in 0ms
485 timing idealTree:node_modules/undefsafe Completed in 0ms
486 timing idealTree:node_modules/unpipe Completed in 0ms
487 timing idealTree:node_modules/utils-merge Completed in 0ms
488 timing idealTree:node_modules/vary Completed in 0ms
489 silly placeDep ROOT cliui@7.0.4 OK for: yargs@17.5.1 want: ^7.0.2
490 silly placeDep ROOT escalade@3.1.1 OK for: yargs@17.5.1 want: ^3.1.1
491 silly placeDep ROOT get-caller-file@2.0.5 OK for: yargs@17.5.1 want: ^2.0.5
492 silly placeDep ROOT require-directory@2.1.1 OK for: yargs@17.5.1 want: ^2.1.1
493 silly placeDep ROOT string-width@4.2.3 OK for: yargs@17.5.1 want: ^4.2.3
494 silly placeDep ROOT y18n@5.0.8 OK for: yargs@17.5.1 want: ^5.0.5
495 silly placeDep ROOT yargs-parser@21.0.1 OK for: yargs@17.5.1 want: ^21.0.0
496 silly fetch manifest strip-ansi@^6.0.0
497 silly fetch manifest wrap-ansi@^7.0.0
498 silly fetch manifest emoji-regex@^8.0.0
499 silly fetch manifest is-fullwidth-code-point@^3.0.0
500 silly fetch manifest strip-ansi@^6.0.1
501 http fetch GET 200 https://registry.npmjs.org/strip-ansi 113ms (cache revalidated)
502 http fetch GET 200 https://registry.npmjs.org/strip-ansi 117ms (cache revalidated)
503 http fetch GET 200 https://registry.npmjs.org/wrap-ansi 117ms (cache revalidated)
504 http fetch GET 200 https://registry.npmjs.org/emoji-regex 133ms (cache revalidated)
505 http fetch GET 200 https://registry.npmjs.org/is-fullwidth-code-point 150ms (cache revalidated)
506 timing idealTree:node_modules/yargs Completed in 162ms
507 silly placeDep ROOT strip-ansi@6.0.1 OK for: cliui@7.0.4 want: ^6.0.0
508 silly placeDep ROOT wrap-ansi@7.0.0 OK for: cliui@7.0.4 want: ^7.0.0
509 silly fetch manifest ansi-regex@^5.0.1
510 http fetch GET 200 https://registry.npmjs.org/ansi-regex 115ms (cache revalidated)
511 timing idealTree:node_modules/cliui Completed in 119ms
512 timing idealTree:node_modules/escalade Completed in 0ms
513 timing idealTree:node_modules/get-caller-file Completed in 0ms
514 timing idealTree:node_modules/require-directory Completed in 0ms
515 silly placeDep ROOT emoji-regex@8.0.0 OK for: string-width@4.2.3 want: ^8.0.0
516 silly placeDep ROOT is-fullwidth-code-point@3.0.0 OK for: string-width@4.2.3 want: ^3.0.0
517 timing idealTree:node_modules/string-width Completed in 3ms
518 timing idealTree:node_modules/emoji-regex Completed in 0ms
519 timing idealTree:node_modules/is-fullwidth-code-point Completed in 0ms
520 silly placeDep ROOT ansi-regex@5.0.1 OK for: strip-ansi@6.0.1 want: ^5.0.1
521 timing idealTree:node_modules/strip-ansi Completed in 2ms
522 timing idealTree:node_modules/ansi-regex Completed in 0ms
523 timing idealTree:node_modules/wrap-ansi Completed in 0ms
524 timing idealTree:node_modules/y18n Completed in 0ms
525 timing idealTree:node_modules/yargs-parser Completed in 0ms
526 timing idealTree:node_modules/chalk/node_modules/supports-color Completed in 0ms
527 silly placeDep node_modules/nodemon ms@2.1.3 OK for: debug@3.2.7 want: ^2.1.1
528 timing idealTree:node_modules/nodemon/node_modules/debug Completed in 5ms
529 timing idealTree:node_modules/nodemon/node_modules/ms Completed in 1ms
530 silly placeDep node_modules/nodemon has-flag@3.0.0 OK for: supports-color@5.5.0 want: ^3.0.0
531 timing idealTree:node_modules/nodemon/node_modules/supports-color Completed in 2ms
532 timing idealTree:node_modules/nodemon/node_modules/has-flag Completed in 0ms
533 timing idealTree:node_modules/send/node_modules/ms Completed in 0ms
534 timing idealTree:node_modules/simple-update-notifier/node_modules/semver Completed in 0ms
535 timing idealTree:buildDeps Completed in 7156ms
536 timing idealTree:fixDepFlags Completed in 2ms
537 timing idealTree Completed in 7177ms
538 timing reify:loadTrees Completed in 7179ms
539 timing reify:diffTrees Completed in 8ms
540 silly reify moves {}
541 timing reify:retireShallow Completed in 1ms
542 timing reify:createSparse Completed in 68ms
543 timing reify:loadBundles Completed in 0ms
544 silly audit bulk request {
544 silly audit   concurrently: [ '7.3.0' ],
544 silly audit   cors: [ '2.8.5' ],
544 silly audit   dotenv: [ '16.0.1' ],
544 silly audit   express: [ '4.18.1' ],
544 silly audit   nodemailer: [ '6.7.7' ],
544 silly audit   nodemon: [ '2.0.19' ],
544 silly audit   chalk: [ '4.1.2' ],
544 silly audit   'date-fns': [ '2.29.1' ],
544 silly audit   lodash: [ '4.17.21' ],
544 silly audit   rxjs: [ '7.5.6' ],
544 silly audit   'shell-quote': [ '1.7.3' ],
544 silly audit   'spawn-command': [ '0.0.2-1' ],
544 silly audit   'supports-color': [ '8.1.1', '7.2.0', '5.5.0' ],
544 silly audit   'tree-kill': [ '1.2.2' ],
544 silly audit   yargs: [ '17.5.1' ],
544 silly audit   'ansi-styles': [ '4.3.0' ],
544 silly audit   'color-convert': [ '2.0.1' ],
544 silly audit   'color-name': [ '1.1.4' ],
544 silly audit   'object-assign': [ '4.1.1' ],
544 silly audit   vary: [ '1.1.2' ],
544 silly audit   accepts: [ '1.3.8' ],
544 silly audit   'array-flatten': [ '1.1.1' ],
544 silly audit   'body-parser': [ '1.20.0' ],
544 silly audit   'content-disposition': [ '0.5.4' ],
544 silly audit   'content-type': [ '1.0.4' ],
544 silly audit   cookie: [ '0.5.0' ],
544 silly audit   'cookie-signature': [ '1.0.6' ],
544 silly audit   debug: [ '2.6.9', '3.2.7' ],
544 silly audit   depd: [ '2.0.0' ],
544 silly audit   encodeurl: [ '1.0.2' ],
544 silly audit   'escape-html': [ '1.0.3' ],
544 silly audit   etag: [ '1.8.1' ],
544 silly audit   finalhandler: [ '1.2.0' ],
544 silly audit   fresh: [ '0.5.2' ],
544 silly audit   'http-errors': [ '2.0.0' ],
544 silly audit   'merge-descriptors': [ '1.0.1' ],
544 silly audit   methods: [ '1.1.2' ],
544 silly audit   'on-finished': [ '2.4.1' ],
544 silly audit   parseurl: [ '1.3.3' ],
544 silly audit   'path-to-regexp': [ '0.1.7' ],
544 silly audit   'proxy-addr': [ '2.0.7' ],
544 silly audit   qs: [ '6.10.3' ],
544 silly audit   'range-parser': [ '1.2.1' ],
544 silly audit   'safe-buffer': [ '5.2.1' ],
544 silly audit   send: [ '0.18.0' ],
544 silly audit   'serve-static': [ '1.15.0' ],
544 silly audit   setprototypeof: [ '1.2.0' ],
544 silly audit   statuses: [ '2.0.1' ],
544 silly audit   'type-is': [ '1.6.18' ],
544 silly audit   'utils-merge': [ '1.0.1' ],
544 silly audit   'mime-types': [ '2.1.35' ],
544 silly audit   negotiator: [ '0.6.3' ],
544 silly audit   bytes: [ '3.1.2' ],
544 silly audit   destroy: [ '1.2.0' ],
544 silly audit   'iconv-lite': [ '0.4.24' ],
544 silly audit   'raw-body': [ '2.5.1' ],
544 silly audit   unpipe: [ '1.0.0' ],
544 silly audit   ms: [ '2.0.0', '2.1.3' ],
544 silly audit   inherits: [ '2.0.4' ],
544 silly audit   toidentifier: [ '1.0.1' ],
544 silly audit   'safer-buffer': [ '2.1.2' ],
544 silly audit   'mime-db': [ '1.52.0' ],
544 silly audit   chokidar: [ '3.5.3' ],
544 silly audit   'ignore-by-default': [ '1.0.1' ],
544 silly audit   minimatch: [ '3.1.2' ],
544 silly audit   'pstree.remy': [ '1.1.8' ],
544 silly audit   semver: [ '5.7.1', '7.0.0' ],
544 silly audit   'simple-update-notifier': [ '1.0.7' ],
544 silly audit   touch: [ '3.1.0' ],
544 silly audit   undefsafe: [ '2.0.5' ],
544 silly audit   anymatch: [ '3.1.2' ],
544 silly audit   braces: [ '3.0.2' ],
544 silly audit   fsevents: [ '2.3.2' ],
544 silly audit   'glob-parent': [ '5.1.2' ],
544 silly audit   'is-binary-path': [ '2.1.0' ],
544 silly audit   'is-glob': [ '4.0.3' ],
544 silly audit   'normalize-path': [ '3.0.0' ],
544 silly audit   readdirp: [ '3.6.0' ],
544 silly audit   picomatch: [ '2.3.1' ],
544 silly audit   'fill-range': [ '7.0.1' ],
544 silly audit   'to-regex-range': [ '5.0.1' ],
544 silly audit   'binary-extensions': [ '2.2.0' ],
544 silly audit   'is-extglob': [ '2.1.1' ],
544 silly audit   'brace-expansion': [ '1.1.11' ],
544 silly audit   'balanced-match': [ '1.0.2' ],
544 silly audit   'concat-map': [ '0.0.1' ],
544 silly audit   'ee-first': [ '1.1.1' ],
544 silly audit   forwarded: [ '0.2.0' ],
544 silly audit   'ipaddr.js': [ '1.9.1' ],
544 silly audit   'side-channel': [ '1.0.4' ],
544 silly audit   tslib: [ '2.4.0' ],
544 silly audit   mime: [ '1.6.0' ],
544 silly audit   'call-bind': [ '1.0.2' ],
544 silly audit   'get-intrinsic': [ '1.1.2' ],
544 silly audit   'object-inspect': [ '1.12.2' ],
544 silly audit   'function-bind': [ '1.1.1' ],
544 silly audit   has: [ '1.0.3' ],
544 silly audit   'has-symbols': [ '1.0.3' ],
544 silly audit   'has-flag': [ '4.0.0', '3.0.0' ],
544 silly audit   'is-number': [ '7.0.0' ],
544 silly audit   nopt: [ '1.0.10' ],
544 silly audit   abbrev: [ '1.1.1' ],
544 silly audit   'media-typer': [ '0.3.0' ],
544 silly audit   cliui: [ '7.0.4' ],
544 silly audit   escalade: [ '3.1.1' ],
544 silly audit   'get-caller-file': [ '2.0.5' ],
544 silly audit   'require-directory': [ '2.1.1' ],
544 silly audit   'string-width': [ '4.2.3' ],
544 silly audit   y18n: [ '5.0.8' ],
544 silly audit   'yargs-parser': [ '21.0.1' ],
544 silly audit   'strip-ansi': [ '6.0.1' ],
544 silly audit   'wrap-ansi': [ '7.0.0' ],
544 silly audit   'emoji-regex': [ '8.0.0' ],
544 silly audit   'is-fullwidth-code-point': [ '3.0.0' ],
544 silly audit   'ansi-regex': [ '5.0.1' ]
544 silly audit }
545 verbose reify failed optional dependency C:\Users\SUBHAM RATH\Desktop\JS\Portfolio\node_modules\fsevents
546 silly reify mark deleted [
546 silly reify   'C:\\Users\\SUBHAM RATH\\Desktop\\JS\\Portfolio\\node_modules\\fsevents'
546 silly reify ]
547 timing reifyNode:node_modules/fsevents Completed in 37ms
548 silly tarball no local data for yargs-parser@https://registry.npmjs.org/yargs-parser/-/yargs-parser-21.0.1.tgz. Extracting by manifest.
549 silly tarball no local data for nopt@https://registry.npmjs.org/nopt/-/nopt-1.0.10.tgz. Extracting by manifest.
550 silly tarball no local data for abbrev@https://registry.npmjs.org/abbrev/-/abbrev-1.1.1.tgz. Extracting by manifest.
551 silly tarball no local data for undefsafe@https://registry.npmjs.org/undefsafe/-/undefsafe-2.0.5.tgz. Extracting by manifest.
552 silly tarball no local data for touch@https://registry.npmjs.org/touch/-/touch-3.1.0.tgz. Extracting by manifest.
553 silly tarball no local data for semver@https://registry.npmjs.org/semver/-/semver-5.7.1.tgz. Extracting by manifest.
554 silly tarball no local data for simple-update-notifier@https://registry.npmjs.org/simple-update-notifier/-/simple-update-notifier-1.0.7.tgz. Extracting by manifest.
555 silly tarball no local data for pstree.remy@https://registry.npmjs.org/pstree.remy/-/pstree.remy-1.1.8.tgz. Extracting by manifest.
556 silly tarball no local data for ignore-by-default@https://registry.npmjs.org/ignore-by-default/-/ignore-by-default-1.0.1.tgz. Extracting by manifest.
557 silly tarball no local data for tree-kill@https://registry.npmjs.org/tree-kill/-/tree-kill-1.2.2.tgz. Extracting by manifest.
558 silly tarball no local data for yargs@https://registry.npmjs.org/yargs/-/yargs-17.5.1.tgz. Extracting by manifest.
559 silly tarball no local data for spawn-command@https://registry.npmjs.org/spawn-command/-/spawn-command-0.0.2-1.tgz. Extracting by manifest.
560 silly tarball no local data for date-fns@https://registry.npmjs.org/date-fns/-/date-fns-2.29.1.tgz. Extracting by manifest.
561 silly tarball no local data for nodemon@https://registry.npmjs.org/nodemon/-/nodemon-2.0.19.tgz. Extracting by manifest.
562 silly tarball no local data for nodemailer@https://registry.npmjs.org/nodemailer/-/nodemailer-6.7.7.tgz. Extracting by manifest.
563 silly tarball no local data for dotenv@https://registry.npmjs.org/dotenv/-/dotenv-16.0.1.tgz. Extracting by manifest.
564 silly tarball no local data for cors@https://registry.npmjs.org/cors/-/cors-2.8.5.tgz. Extracting by manifest.
565 silly tarball no local data for concurrently@https://registry.npmjs.org/concurrently/-/concurrently-7.3.0.tgz. Extracting by manifest.
566 silly tarball no local data for rxjs@https://registry.npmjs.org/rxjs/-/rxjs-7.5.6.tgz. Extracting by manifest.
567 http fetch POST 200 https://registry.npmjs.org/-/npm/v1/security/advisories/bulk 439ms
568 timing auditReport:getReport Completed in 445ms
569 silly audit report {}
570 timing auditReport:init Completed in 0ms
571 timing reify:audit Completed in 446ms
572 timing reifyNode:node_modules/wrap-ansi Completed in 703ms
573 timing reifyNode:node_modules/is-number Completed in 703ms
574 timing reifyNode:node_modules/ee-first Completed in 705ms
575 timing reifyNode:node_modules/brace-expansion Completed in 705ms
576 timing reifyNode:node_modules/normalize-path Completed in 706ms
577 timing reifyNode:node_modules/is-extglob Completed in 709ms
578 timing reifyNode:node_modules/destroy Completed in 710ms
579 timing reifyNode:node_modules/ms Completed in 715ms
580 timing reifyNode:node_modules/color-name Completed in 713ms
581 timing reifyNode:node_modules/escape-html Completed in 714ms
582 timing reifyNode:node_modules/object-assign Completed in 715ms
583 timing reifyNode:node_modules/array-flatten Completed in 715ms
584 timing reifyNode:node_modules/nodemon/node_modules/has-flag Completed in 712ms
585 http fetch GET 200 https://registry.npmjs.org/nopt/-/nopt-1.0.10.tgz 625ms (cache miss)
586 timing reifyNode:node_modules/nodemon/node_modules/ms Completed in 720ms
587 http fetch GET 200 https://registry.npmjs.org/spawn-command/-/spawn-command-0.0.2-1.tgz 565ms (cache miss)
588 timing reifyNode:node_modules/to-regex-range Completed in 738ms
589 timing reifyNode:node_modules/fill-range Completed in 739ms
590 timing reifyNode:node_modules/is-glob Completed in 741ms
591 timing reifyNode:node_modules/send/node_modules/ms Completed in 741ms
592 http fetch GET 200 https://registry.npmjs.org/ignore-by-default/-/ignore-by-default-1.0.1.tgz 611ms (cache miss)
593 timing reifyNode:node_modules/minimatch Completed in 770ms
594 http fetch GET 200 https://registry.npmjs.org/abbrev/-/abbrev-1.1.1.tgz 675ms (cache miss)
595 timing reifyNode:node_modules/ignore-by-default Completed in 782ms
596 timing reifyNode:node_modules/abbrev Completed in 786ms
597 timing reifyNode:node_modules/strip-ansi Completed in 799ms
598 timing reifyNode:node_modules/is-fullwidth-code-point Completed in 799ms
599 timing reifyNode:node_modules/ansi-regex Completed in 799ms
600 timing reifyNode:node_modules/has-flag Completed in 799ms
601 timing reifyNode:node_modules/string-width Completed in 802ms
602 timing reifyNode:node_modules/media-typer Completed in 802ms
603 timing reifyNode:node_modules/forwarded Completed in 801ms
604 timing reifyNode:node_modules/glob-parent Completed in 800ms
605 timing reifyNode:node_modules/is-binary-path Completed in 800ms
606 timing reifyNode:node_modules/anymatch Completed in 800ms
607 timing reifyNode:node_modules/unpipe Completed in 800ms
608 timing reifyNode:node_modules/bytes Completed in 800ms
609 timing reifyNode:node_modules/inherits Completed in 801ms
610 timing reifyNode:node_modules/toidentifier Completed in 801ms
611 timing reifyNode:node_modules/range-parser Completed in 800ms
612 timing reifyNode:node_modules/path-to-regexp Completed in 800ms
613 timing reifyNode:node_modules/type-is Completed in 800ms
614 timing reifyNode:node_modules/merge-descriptors Completed in 799ms
615 timing reifyNode:node_modules/methods Completed in 800ms
616 timing reifyNode:node_modules/parseurl Completed in 800ms
617 timing reifyNode:node_modules/fresh Completed in 800ms
618 timing reifyNode:node_modules/encodeurl Completed in 800ms
619 timing reifyNode:node_modules/cookie-signature Completed in 799ms
620 timing reifyNode:node_modules/content-type Completed in 799ms
621 timing reifyNode:node_modules/supports-color Completed in 798ms
622 timing reifyNode:node_modules/vary Completed in 799ms
623 timing reifyNode:node_modules/http-errors Completed in 800ms
624 timing reifyNode:node_modules/utils-merge Completed in 802ms
625 timing reifyNode:node_modules/chalk/node_modules/supports-color Completed in 798ms
626 timing reifyNode:node_modules/accepts Completed in 801ms
627 timing reifyNode:node_modules/etag Completed in 803ms
628 timing reifyNode:node_modules/balanced-match Completed in 807ms
629 timing reifyNode:node_modules/readdirp Completed in 808ms
630 timing reifyNode:node_modules/mime-types Completed in 806ms
631 timing reifyNode:node_modules/serve-static Completed in 807ms
632 timing reifyNode:node_modules/content-disposition Completed in 806ms
633 timing reifyNode:node_modules/on-finished Completed in 807ms
634 timing reifyNode:node_modules/proxy-addr Completed in 809ms
635 timing reifyNode:node_modules/nodemon/node_modules/supports-color Completed in 804ms
636 timing reifyNode:node_modules/has Completed in 814ms
637 timing reifyNode:node_modules/safe-buffer Completed in 813ms
638 timing reifyNode:node_modules/ansi-styles Completed in 815ms
639 timing reifyNode:node_modules/get-caller-file Completed in 823ms
640 http fetch GET 200 https://registry.npmjs.org/tree-kill/-/tree-kill-1.2.2.tgz 667ms (cache miss)
641 http fetch GET 200 https://registry.npmjs.org/touch/-/touch-3.1.0.tgz 712ms (cache miss)
642 timing reifyNode:node_modules/setprototypeof Completed in 833ms
643 timing reifyNode:node_modules/statuses Completed in 833ms
644 timing reifyNode:node_modules/finalhandler Completed in 832ms
645 timing reifyNode:node_modules/cookie Completed in 832ms
646 timing reifyNode:node_modules/touch Completed in 837ms
647 timing reifyNode:node_modules/tree-kill Completed in 837ms
648 timing reifyNode:node_modules/ipaddr.js Completed in 843ms
649 timing reifyNode:node_modules/send Completed in 842ms
650 timing reifyNode:node_modules/depd Completed in 841ms
651 http fetch GET 200 https://registry.npmjs.org/cors/-/cors-2.8.5.tgz 654ms (cache miss)
652 timing reifyNode:node_modules/binary-extensions Completed in 849ms
653 timing reifyNode:node_modules/require-directory Completed in 853ms
654 timing reifyNode:node_modules/raw-body Completed in 851ms
655 timing reifyNode:node_modules/color-convert Completed in 848ms
656 timing reifyNode:node_modules/safer-buffer Completed in 854ms
657 timing reifyNode:node_modules/concat-map Completed in 856ms
658 timing reifyNode:node_modules/cors Completed in 851ms
659 timing reifyNode:node_modules/chalk Completed in 856ms
660 timing reifyNode:node_modules/nopt Completed in 863ms
661 timing reifyNode:node_modules/emoji-regex Completed in 871ms
662 timing reifyNode:node_modules/mime-db Completed in 877ms
663 timing reifyNode:node_modules/cliui Completed in 881ms
664 timing reifyNode:node_modules/escalade Completed in 884ms
665 timing reifyNode:node_modules/negotiator Completed in 884ms
666 http fetch GET 200 https://registry.npmjs.org/undefsafe/-/undefsafe-2.0.5.tgz 776ms (cache miss)
667 timing reifyNode:node_modules/y18n Completed in 893ms
668 timing reifyNode:node_modules/get-intrinsic Completed in 892ms
669 timing reifyNode:node_modules/nodemon/node_modules/debug Completed in 885ms
670 timing reifyNode:node_modules/chokidar Completed in 892ms
671 timing reifyNode:node_modules/spawn-command Completed in 891ms
672 timing reifyNode:node_modules/side-channel Completed in 899ms
673 timing reifyNode:node_modules/undefsafe Completed in 897ms
674 timing reifyNode:node_modules/mime Completed in 900ms
675 timing reifyNode:node_modules/picomatch Completed in 905ms
676 timing reifyNode:node_modules/braces Completed in 904ms
677 http fetch GET 200 https://registry.npmjs.org/pstree.remy/-/pstree.remy-1.1.8.tgz 765ms (cache miss)
678 timing reifyNode:node_modules/tslib Completed in 912ms
679 http fetch GET 200 https://registry.npmjs.org/semver/-/semver-5.7.1.tgz 790ms (cache miss)
680 timing reifyNode:node_modules/semver Completed in 914ms
681 timing reifyNode:node_modules/function-bind Completed in 917ms
682 timing reifyNode:node_modules/pstree.remy Completed in 916ms
683 timing reifyNode:node_modules/call-bind Completed in 919ms
684 timing reifyNode:node_modules/body-parser Completed in 916ms
685 http fetch GET 200 https://registry.npmjs.org/dotenv/-/dotenv-16.0.1.tgz 736ms (cache miss)
686 timing reifyNode:node_modules/dotenv Completed in 920ms
687 timing reifyNode:node_modules/has-symbols Completed in 934ms
688 http fetch GET 200 https://registry.npmjs.org/simple-update-notifier/-/simple-update-notifier-1.0.7.tgz 815ms (cache miss)
689 http fetch GET 200 https://registry.npmjs.org/yargs-parser/-/yargs-parser-21.0.1.tgz 853ms (cache miss)
690 timing reifyNode:node_modules/yargs-parser Completed in 953ms
691 timing reifyNode:node_modules/debug Completed in 949ms
692 timing reifyNode:node_modules/simple-update-notifier Completed in 951ms
693 timing reifyNode:node_modules/shell-quote Completed in 952ms
694 timing reifyNode:node_modules/express Completed in 959ms
695 timing reifyNode:node_modules/qs Completed in 966ms
696 timing reifyNode:node_modules/iconv-lite Completed in 999ms
697 timing reifyNode:node_modules/object-inspect Completed in 1014ms
698 timing reifyNode:node_modules/simple-update-notifier/node_modules/semver Completed in 1044ms
699 http fetch GET 200 https://registry.npmjs.org/nodemon/-/nodemon-2.0.19.tgz 892ms (cache miss)
700 timing reifyNode:node_modules/nodemon Completed in 1068ms
701 http fetch GET 200 https://registry.npmjs.org/concurrently/-/concurrently-7.3.0.tgz 886ms (cache miss)
702 timing reifyNode:node_modules/concurrently Completed in 1077ms
703 http fetch GET 200 https://registry.npmjs.org/nodemailer/-/nodemailer-6.7.7.tgz 920ms (cache miss)
704 timing reifyNode:node_modules/nodemailer Completed in 1096ms
705 http fetch GET 200 https://registry.npmjs.org/yargs/-/yargs-17.5.1.tgz 941ms (cache miss)
706 timing reifyNode:node_modules/yargs Completed in 1104ms
707 timing reifyNode:node_modules/lodash Completed in 2698ms
708 http fetch GET 200 https://registry.npmjs.org/rxjs/-/rxjs-7.5.6.tgz 5911ms (cache miss)
709 timing reifyNode:node_modules/rxjs Completed in 6106ms
710 http fetch GET 200 https://registry.npmjs.org/date-fns/-/date-fns-2.29.1.tgz 21753ms (cache miss)
711 timing reifyNode:node_modules/date-fns Completed in 21922ms
712 timing reify:unpack Completed in 21930ms
713 timing reify:unretire Completed in 0ms
714 timing build:queue Completed in 12ms
715 timing build:link:node_modules/nodemon Completed in 15ms
716 timing build:link:node_modules/concurrently Completed in 16ms
717 timing build:link:node_modules/mime Completed in 15ms
718 timing build:link:node_modules/touch Completed in 15ms
719 timing build:link:node_modules/semver Completed in 16ms
720 timing build:link:node_modules/simple-update-notifier/node_modules/semver Completed in 15ms
721 timing build:link:node_modules/nopt Completed in 16ms
722 timing build:link:node_modules/tree-kill Completed in 15ms
723 timing build:link Completed in 17ms
724 info run nodemon@2.0.19 postinstall node_modules/nodemon node bin/postinstall || exit 0
725 info run nodemon@2.0.19 postinstall { code: 0, signal: null }
726 timing build:run:postinstall:node_modules/nodemon Completed in 100ms
727 timing build:run:postinstall Completed in 100ms
728 timing build:deps Completed in 129ms
729 timing build Completed in 129ms
730 timing reify:build Completed in 130ms
731 timing reify:trash Completed in 1ms
732 timing reify:save Completed in 29ms
733 timing reify Completed in 29382ms
734 silly ADD node_modules/ansi-regex
735 silly ADD node_modules/is-fullwidth-code-point
736 silly ADD node_modules/emoji-regex
737 silly ADD node_modules/wrap-ansi
738 silly ADD node_modules/strip-ansi
739 silly ADD node_modules/yargs-parser
740 silly ADD node_modules/y18n
741 silly ADD node_modules/string-width
742 silly ADD node_modules/require-directory
743 silly ADD node_modules/get-caller-file
744 silly ADD node_modules/escalade
745 silly ADD node_modules/cliui
746 silly ADD node_modules/media-typer
747 silly ADD node_modules/abbrev
748 silly ADD node_modules/nopt
749 silly ADD node_modules/is-number
750 silly ADD node_modules/has-flag
751 silly ADD node_modules/has-symbols
752 silly ADD node_modules/has
753 silly ADD node_modules/function-bind
754 silly ADD node_modules/object-inspect
755 silly ADD node_modules/get-intrinsic
756 silly ADD node_modules/call-bind
757 silly ADD node_modules/mime
758 silly ADD node_modules/tslib
759 silly ADD node_modules/side-channel
760 silly ADD node_modules/ipaddr.js
761 silly ADD node_modules/forwarded
762 silly ADD node_modules/ee-first
763 silly ADD node_modules/concat-map
764 silly ADD node_modules/balanced-match
765 silly ADD node_modules/brace-expansion
766 silly ADD node_modules/is-extglob
767 silly ADD node_modules/binary-extensions
768 silly ADD node_modules/to-regex-range
769 silly ADD node_modules/fill-range
770 silly ADD node_modules/picomatch
771 silly ADD node_modules/readdirp
772 silly ADD node_modules/normalize-path
773 silly ADD node_modules/is-glob
774 silly ADD node_modules/is-binary-path
775 silly ADD node_modules/glob-parent
776 silly ADD
777 silly ADD node_modules/braces
778 silly ADD node_modules/anymatch
779 silly ADD node_modules/undefsafe
780 silly ADD node_modules/touch
781 silly ADD node_modules/simple-update-notifier
782 silly ADD node_modules/simple-update-notifier/node_modules/semver
783 silly ADD node_modules/semver
784 silly ADD node_modules/pstree.remy
785 silly ADD node_modules/minimatch
786 silly ADD node_modules/ignore-by-default
787 silly ADD node_modules/chokidar
788 silly ADD node_modules/mime-db
789 silly ADD node_modules/safer-buffer
790 silly ADD node_modules/toidentifier
791 silly ADD node_modules/inherits
792 silly ADD node_modules/ms
793 silly ADD node_modules/unpipe
794 silly ADD node_modules/raw-body
795 silly ADD node_modules/iconv-lite
796 silly ADD node_modules/destroy
797 silly ADD node_modules/bytes
798 silly ADD node_modules/negotiator
799 silly ADD node_modules/mime-types
800 silly ADD node_modules/utils-merge
801 silly ADD node_modules/type-is
802 silly ADD node_modules/statuses
803 silly ADD node_modules/setprototypeof
804 silly ADD node_modules/serve-static
805 silly ADD node_modules/send
806 silly ADD node_modules/send/node_modules/ms
807 silly ADD node_modules/safe-buffer
808 silly ADD node_modules/range-parser
809 silly ADD node_modules/qs
810 silly ADD node_modules/proxy-addr
811 silly ADD node_modules/path-to-regexp
812 silly ADD node_modules/parseurl
813 silly ADD node_modules/on-finished
814 silly ADD node_modules/methods
815 silly ADD node_modules/merge-descriptors
816 silly ADD node_modules/http-errors
817 silly ADD node_modules/fresh
818 silly ADD node_modules/finalhandler
819 silly ADD node_modules/etag
820 silly ADD node_modules/escape-html
821 silly ADD node_modules/encodeurl
822 silly ADD node_modules/depd
823 silly ADD node_modules/debug
824 silly ADD node_modules/cookie-signature
825 silly ADD node_modules/cookie
826 silly ADD node_modules/content-type
827 silly ADD node_modules/content-disposition
828 silly ADD node_modules/body-parser
829 silly ADD node_modules/array-flatten
830 silly ADD node_modules/accepts
831 silly ADD node_modules/vary
832 silly ADD node_modules/object-assign
833 silly ADD node_modules/color-name
834 silly ADD node_modules/color-convert
835 silly ADD node_modules/ansi-styles
836 silly ADD node_modules/yargs
837 silly ADD node_modules/tree-kill
838 silly ADD node_modules/supports-color
839 silly ADD node_modules/spawn-command
840 silly ADD node_modules/shell-quote
841 silly ADD node_modules/rxjs
842 silly ADD node_modules/lodash
843 silly ADD node_modules/date-fns
844 silly ADD node_modules/chalk
845 silly ADD node_modules/chalk/node_modules/supports-color
846 silly ADD node_modules/nodemon
847 silly ADD node_modules/nodemon/node_modules/has-flag
848 silly ADD node_modules/nodemon/node_modules/ms
849 silly ADD node_modules/nodemon/node_modules/supports-color
850 silly ADD node_modules/nodemon/node_modules/debug
851 silly ADD node_modules/nodemailer
852 silly ADD node_modules/express
853 silly ADD node_modules/dotenv
854 silly ADD node_modules/cors
855 silly ADD node_modules/concurrently
856 timing command:i Completed in 29392ms
857 verbose exit 0
858 timing npm Completed in 29527ms
859 info ok
